<?xml version="1.0" encoding="UTF-8"?>
<!-- Generated by org.testng.reporters.JUnitReportReporter -->
<testsuite ignored="0" hostname="DESKTOP-P726SDL" failures="0" tests="1" name="com.Runner.MessageRuner" time="73.752" errors="0" timestamp="10 Jul 2022 19:38:38 GMT" skipped="0">
  <testcase classname="com.Runner.MessageRuner" name="Message" time="73.752"/>
</testsuite> <!-- com.Runner.MessageRuner -->
