<?xml version="1.0" encoding="UTF-8"?>
<!-- Generated by org.testng.reporters.JUnitReportReporter -->
<testsuite ignored="0" hostname="DESKTOP-P726SDL" failures="0" tests="1" name="com.Runner.SettingRunner" time="83.246" errors="0" timestamp="09 Jul 2022 11:34:38 GMT" skipped="0">
  <testcase classname="com.Runner.SettingRunner" name="settings" time="83.246"/>
</testsuite> <!-- com.Runner.SettingRunner -->
