<?xml version="1.0" encoding="UTF-8"?>
<!-- Generated by org.testng.reporters.JUnitReportReporter -->
<testsuite hostname="DESKTOP-P726SDL" failures="0" tests="1" name="com.TestNG.Login" time="143.607" errors="0" timestamp="03 Jul 2022 19:35:19 GMT" skipped="0">
  <testcase classname="com.TestNG.Login" name="urlLuanch" time="143.607"/>
</testsuite> <!-- com.TestNG.Login -->
