<?xml version="1.0" encoding="UTF-8"?>
<!-- Generated by org.testng.reporters.JUnitReportReporter -->
<testsuite ignored="0" hostname="DESKTOP-P726SDL" failures="0" tests="1" name="com.Runner.BillingRunner" time="68.574" errors="0" timestamp="09 Jul 2022 18:27:06 GMT" skipped="0">
  <testcase classname="com.Runner.BillingRunner" name="run" time="68.574"/>
</testsuite> <!-- com.Runner.BillingRunner -->
