<?xml version="1.0" encoding="UTF-8"?>
<!-- Generated by org.testng.reporters.JUnitReportReporter -->
<testsuite hostname="DESKTOP-P726SDL" failures="0" tests="1" name="testNg.Login" time="65.033" errors="0" timestamp="2022-07-03T19:40:08 IST" skipped="0">
  <testcase classname="testNg.Login" name="urlLuanch" time="65.033"/>
  <system-out/>
</testsuite> <!-- testNg.Login -->
