<?xml version="1.0" encoding="UTF-8"?>
<!-- Generated by org.testng.reporters.JUnitReportReporter -->
<testsuite ignored="0" hostname="DESKTOP-P726SDL" failures="0" tests="2" name="com.TestNG.Logins" time="267.989" errors="0" timestamp="14 Jul 2022 03:35:36 GMT" skipped="0">
  <testcase classname="com.TestNG.Logins" name="firefoxLaunch" time="124.543"/>
  <testcase classname="com.TestNG.Logins" name="chromeLaunch" time="143.446"/>
</testsuite> <!-- com.TestNG.Logins -->
