<?xml version="1.0" encoding="UTF-8"?>
<!-- Generated by org.testng.reporters.JUnitReportReporter -->
<testsuite ignored="0" hostname="DESKTOP-P726SDL" failures="0" tests="1" name="com.TestNG.RR" time="27.012" errors="0" timestamp="11 Jul 2022 09:09:33 GMT" skipped="0">
  <testcase classname="com.TestNG.RR" name="test" time="27.012"/>
</testsuite> <!-- com.TestNG.RR -->
