<?xml version="1.0" encoding="UTF-8"?>
<!-- Generated by org.testng.reporters.JUnitReportReporter -->
<testsuite ignored="0" hostname="DESKTOP-P726SDL" failures="0" tests="1" name="com.Runner.TeleRunner" time="176.240" errors="0" timestamp="10 Jul 2022 19:42:10 GMT" skipped="0">
  <testcase classname="com.Runner.TeleRunner" name="start" time="176.240"/>
</testsuite> <!-- com.Runner.TeleRunner -->
